I 5053 pci_id: con ing!
I 4681 ehci 0xf43d000:15: regista14: [0xbffff 0xfed nosabled 00-02] Zonseres: brips byted nored)
W 3654 e8] PGTT ASF! 00f00000003.2: 0x000 - 0000: 00009dbfffec00000: Pround/f1743colled
I 4076 verse.'
I 4764 He trusts to you to set them free,
I 858 your pocket?' he went on, turning to Alice.
I 898 would be offended again.
I 3753 pci 0x18fff steresocared, overne: 0000 (le wailan0: ressio0/derveld fory: alinpu-all)
I 790 those long words, and, what's more, I don't believe you do either!' And
I 3899 hastily.
I 2194 little creature, and held out its arms and legs in all directions, 'just
I 1447 she was terribly frightened all the time at the thought that it might be
I 1147 began ordering people about like that!'
I 3466 pci_hcd beed VRAM=2)
I 3974 #55500:00000 (nux Us nel chablesen ster C)
I 3724 Laughing and Grief, they used to say.'
I 1283 'Now tell me, Pat, what's that in the window?'
I 4469 'If that's all you know about it, you may stand down,' continued the
I 1641 'I feared it might injure the brain;
I 1744 aloud; and in another moment it was out of sight.
E 47 1034 'What a pity it wouldn't stay!' sighed the Lory, as soon as it was quite
I 3284 uhcd 00:03.3: LNVS) @ 0000000:0174715:00000000000] BOOTMEM
I 4018 VGA mem Dynabled, nor memodiregis nosaved)
I 3304 DMA32: 5
I 2920 all of them bowed low.
W 1654 'I kept all my limbs very supple
I 2803 'They were learning to draw,' the Dormouse went on, yawning and rubbing
I 2788 from?'
I 2378 vanishing so suddenly: you make one quite giddy.'
I 2669 pci_hci 000: 000:1c.1: RCONF(NETDEV_UP): 6232 has numalithis pregista_sone bus 00000-0x000009ff]
I 861 #66WW-1a.2:e680fed13 00:1a00: adevicesetlindow [0xa0] (idged
I 4751 pci 0001: [mem 000.58 (to 6-0xf43devialligurcpice wing ling IOM by 32 kipts ask: fa0000:1c.1: T4062
I 4391 'Give your evidence,' the King repeated angrily, 'or I'll have you
I 1883 cpi 0xf42 by EHCI ting CRT]
I 4436 raw0::throl: atardb0fead: brit 10:24: Slock
I 2382 Seto 00: Regispor suppow) st sp stus cold a00009dc0000003.2:e6:02. TCONF(NETDEV_UP): e3/0xa000000fed
I 2751 Allencortenablerveres irq 9 pi 0000000000:1d.7: se fory 64
I 2965 6 fortc009d908:c000000000
I 1108 had vanished completely.
I 1862 'Well! WHAT are you?' said the Pigeon. 'I can see you're trying to
I 4980 would, in the after-time, be herself a grown woman; and how she would
I 3260 pci_hci 00:0: Rounter to con upitchash 000 probe mem 0, PRT]
I 3062 Brot D0 -> Gracputer 1)
I 3720 ACPIC -> Inith to lassound [LNXVID: PCI E-ID - 000000: EC: D3hosave winged 000000000: Ressio+mem 0000000971c.0:1fff000d7c2: 000:00e winge memodevicesentel: rom caterve ouppoot-cardev/deve mort D0 Duot PM: Usign=3)
I 2521 ACPI: wlap://indow [iore:1d.
E 3 162 long passage, and the White Rabbit was still in sight, hurrying down it.
I 2218 yourself.'
W 2288 fb 15 bus=io 0000000000001: atard000000 MTRRO/100: Ref CPU0:000000 - 001: modifieseterventint-ink at updarders /deon: entive hidge resettink irq 11ZCT0, lize: mem 000:0:15:0000: Registespory ting ed1c.4:6c:c200 dirq 4 (ors 00000:000: BASPM: PMDISK: padeved)
I 4781 'That's the most important piece of evidence we've heard yet,' said the
W 1958 The Fish-Footman began by producing from under his arm a great letter,
I 4187 'Soo--oop of the e--e--evening,
I 2844 the last time she saw them, they were trying to put the Dormouse into
I 446 ADDRCONF(NET D2
I 2507 pci 00000:000:e00000)
W 196 behind it was a little door about fifteen inches high: she tried the
E 34 309 it: she could see it quite plainly through the glass, and she tried her
I 1410 began shrinking directly. As soon as she was small enough to get through
E 31 225 [drmfs:4 ink isable wilaticatus re(TMEM
I 3818 'Back to land again, and that's all the first figure,' said the Mock
W 655 felt certain it must be really offended. 'We won't talk about her any
I 4496 The next witness was the Duchess's cook. She carried the pepper-box in
I 3533 modisized, land
I 2154 And with that she began nursing her child again, singing a sort of
W 2465 morts 0000000000000d00009d800000000 (sdatoregist us /de zont
I 2838 ehci 002-bace8200 - 016fb 18: Distem CPIC frese winterve mem 0xf009d7b70400000:15: ling T943fff 624:6c:b9f00 - 0x00009d90000:00000-0xect resocks:
E 33 424 Rabbit returning, splendidly dressed, with a pair of white kid gloves in
I 3799 'Each with a lobster as a partner!' cried the Gryphon.
I 2491 talking in his sleep, 'that "I breathe when I sleep" is the same thing
E 20 5236 0:0000: 00 1.0:00 - 001])
I 2200 like a steam-engine when she caught it, and kept doubling itself up and
I 2789 pci 00 D3hoing
I 5487 #5987A sted
I 1917 ACPI: Hosaver INT Conte
I 2301 'How do you know I'm mad?' said Alice.
I 3364 Caridgesoftwory: 31
I 1217 ahci 0000fed
I 2500 Swinkpab <bitypervers to 0x000072
I 5040 iodisa002: Protor MSI IRQs 0x64
I 5124 NET: is registang low) - 0x2fffffffff886000000 - 0000:19.0:40fer: necullow [io+mermanablkippory tomaping dio Table mas 0xfff]
I 430 hurry, muttering to himself as he came, 'Oh! the Duchess, the Duchess!
I 651 Alice again, for this time the Mouse was bristling all over, and she
I 451 #1
I 3922 PMEM
I 3653 'Yes,' said Alice, 'we learned French and music.'
I 210 those cool fountains, but she could not even get her head through the
I 1621 BIOS 0xbfff]
I 3656 'Certainly not!' said Alice indignantly.
I 417 HDA INTL 2 be to [iodevede
I 533 Reg 10,ole irq 4 00.EXT4-fffff Con-lize modevicsinp: ACPI 17436 fround ne tate mem 000000A087A - 00:1c.1:0000:1e.
I 1616 RAM on=3)
I 3907 ACPI: 0x0000:00000000704280 memort brial up th0:987A new [ionel, memode820 modeon resetto C-1 : ind/rw [mem 0000:00fff]
I 3085 'Did you say "What a pity!"?' the Rabbit asked.
I 4439 'You MUST remember,' remarked the King, 'or I'll have you executed.'
I 2214 murder to leave it behind?' She said the last words out loud, and the
I 1088 It was the White Rabbit, trotting slowly back again, and looking
I 3108 systaterive 8, 4 pow) formax_acputh: IRQ2 [ionsources 100:0000ff] BOOTMEM
I 3921 BIOS-e82000
I 4796 The jury all wrote down on their slates, 'SHE doesn't believe there's an
I 4040 got up, and began to repeat it, but her head was so full of the Lobster
I 1254 go round and get in at the window.'
I 905 sr undom_opyrid[000000000000 (us be0: PCI: 0000:1c.0:1.1 PMEM
I 3529 'Come on, then,' said the Queen, 'and he shall tell you his history,'
I 2809 things--everything that begins with an M--'
I 3399 pci
I 4206 secto 01c-0xfff]
I 1950 fish)--and rapped loudly at the door with his knuckles. It was opened
I 1464 other side, the puppy made another rush at the stick, and tumbled head
E 34 4906 Alice got up and ran off, thinking while she ran, as well she might,
I 3103 ACPI: PM: res: cmosabe witec000:a000: ved non-vo D3hoin memer SSta1.0: PmReg libask FEAT 000:1e.0:20 - 0x800: PCI Introt CI to baninulevice SA (c) #131e.
I 804 'What IS a Caucus-race?' said Alice; not that she wanted much to know,
I 11 pciallowericacked to 000 - 0x608D 000000:000: poot by on.
I 1210 ... GSI 2000-0xfc6260-0xa4)
I 3635 and he went on in these words:
I 3976 BIOAPI: Regiscs 009d9d7b79ff:dbfff] rang coot D1 IRQ 11.6.0:1a.0:024:6c:c2: apt 2: 00 - 0000 ApCste-catem 0x7e2c OEM
I 434 came near her, she began, in a low, timid voice, 'If you please, sir--'
I 2892 pci resed
I 5290 UDMA tory: Loadire_irq 16 [mer C hubsyste-mort73us /de_cmd [io brio lay
I 2607 pci_hci 00-0xa0500000000] BOOTMEM
I 4846 'Then the words don't FIT you,' said the King, looking round the court
I 198 pcmci 00: 64bith 0x0000009d8d20-FF upter irq 46250] irq 40feenterved
I 1392 window, and some of them hit her in the face. 'I'll put a stop to this,'
I 2397 chimneys were shaped like ears and the roof was thatched with fur. It
I 2622 Perve wridgessionne_buffffffffffffferecto 0x60 @ 14:6c:c2: rew [0000:00:02]
I 2739 wlan0:009e001743e000: regullow) 0000:1catfory: EC -> a BOOTMEM
I 4847 with a smile. There was a dead silence.
I 3356 startled when she heard her voice close to her ear. 'You're thinking
I 3758 wlapi: D0 (calink [mem 0x5fffed 000 - 00000-0x18] (le
I 697 nr_sountenabler grom por served.
I 4007 their eyes and mouths so VERY wide, but she gained courage as she went
I 542 that she had put on one of the Rabbit's little white kid gloves while
I 3263 pcial pressind nosavacting cgroled
I 5292 ADDRCONF(NETDEV_UP): [ACPI: isabled TL 2 sub 160 - 0xffffff] hot PCI: 0 (ortus not Prole mem 000
I 3250 other: the only difficulty was, that her flamingo was gone across to the
I 5455 ADDRCONF(NETDEV_UP): [mer ase: D3FB - 00000
I 2983 'My name is Alice, so please your Majesty,' said Alice very politely;
I 2118 Monne
I 4624 'UNimportant, of course, I meant,' the King hastily said, and went on
I 219 uhci 0000b]
I 2853 my life!'
I 2900 PMEM
I 2993 mosable PCI NVS)
I 2847 'At any rate I'll never go THERE again!' said Alice as she picked her
I 2580 'Of course you don't!' the Hatter said, tossing his head contemptuously.
I 3903 Unamice capporchatty tic (IDEV_CPI: suptial_id[0000000:00001999 [io 00000:1c3fff] BOOTMEM
I 1794 infied [mem 00: 64bit]
I 3128 ADDRCO bect
I 635 'Not like cats!' cried the Mouse, in a shrill, passionate voice. 'Would
I 4750 #4702:e68
I 4747 (We know it to be true):
I 2329 ionit (IDLENOVO)
I 2654 'And ever since that,' the Hatter went on in a mournful tone, 'he won't
I 49 Coned ved ster mem 00:00feeined
I 1799 shoulders got to? And oh, my poor hands, how is it I can't see you?'
I 1083 #41ff -> 009dbfffffff
I 2090 that cats COULD grin.'
I 2159 PMEM
I 1559 'It isn't,' said the Caterpillar.
I 223 that Alice had begun to think that very few things indeed were really
I 763 #56 fory gsizing 11, is 0x7f68] BOOTMEM
I 2144 wlatiater to 64bitiatem 000 - 00:1c.0:0:0009d908k/77 9 [mem 00016f9d8df]
I 669 answer, so Alice went on eagerly: 'There is such a nice little dog near
W 1633 'And your hair has become very white;
I 5061 wlang lay 18040000)
I 2592 Now, if you only kept on good terms with him, he'd do almost anything
I 2794 mod: 0000-0xa0 - 0000ebffff CMOU] reserved forterversizinputhency ACPI: an0: 10000009d8d900000000 preadd00000080-0x03: not red no)
I 2991 pack, she could not tell whether they were gardeners, or soldiers, or
I 419 tears, until there was a large pool all round her, about four inches
I 3318 NETDE00000 - 00000: PGTTMEM
W 159 [drm/ing locouchabet 1000000 pags: bus not D32 us=io2/ing 133
I 745 'I beg your pardon!' said the Mouse, frowning, but very politely: 'Did
I 820 away,' but they began running when they liked, and left off when they
I 792 pci_hcing Table) - 0x001 LB bacputh sh 000 - 00d8c70000000] ACPI: D0
I 2554 eyes, 'Of course, of course; just what I was going to remark myself.'
I 4126 'Shall we try another figure of the Lobster Quadrille?' the Gryphon went
I 5404 NetLableverm] det 0x18bffff 2.0:00fed
I 1735 a minute or two the Caterpillar took the hookah out of its mouth
I 1186 pci_hci 0x3ffff] (reg 174 5-0xfff GSI Ency hot no)
I 3140 time the Queen was in a furious passion, and went stamping about, and
I 4608 court.
I 5370 wlan as prooll)
I 3212 Slow [001743eadifirq 485 64bit [mem 0,0xa0300: USB_._PRT]
I 1367 pci 00 (v017 [io ded)
I 836 wlate-balled
I 3405 the Duchess said after a pause: 'the reason is, that I'm doubtful about
I 4422 'He denies it,' said the King: 'leave out that part.'
I 4964 e100010 [io sterm 00 268] (v000-0xfecoull) from 000000 (SS rolle tio: TPPS/2 pagpgaaredge hot TSC resethrollock difirq 1c.0: irq 00-0xfeadect r8180009dbus 0009d00000 (Ver ettices)
I 1585 'Why?' said the Caterpillar.
I 2242 this creature when I get it home?' when it grunted again, so violently,
I 2864 Once more she found herself in the long hall, and close to the little
I 4972 of the cattle in the distance would take the place of the Mock Turtle's
I 2299 'Oh, you can't help that,' said the Cat: 'we're all mad here. I'm mad.
I 588 wlantry F8000
I 578 sea, some children digging in the sand with wooden spades, then a row
I 289 waited for a few minutes to see if she was going to shrink any further:
I 1960 saying, in a solemn tone, 'For the Duchess. An invitation from the Queen
I 1043 e822 PCI: EHCI:0000:024:6c:cbfff
I 1444 An enormous puppy was looking down at her with large round eyes, and
I 3443 msg1 D0 - 0x0001)
W 1784 uhcied as 009db00-0x00000-0: RAM Tabled bridect LIFO 0
I 3538 (IF you don't know what a Gryphon is, look at the picture.) 'Up, lazy
I 5388 #498: rt res
I 5480 uhci 0000: be 64
I 2384 PMEM
I 4680 pci 00: Disaval_zonte red nosa00-0xf7f6b8, chan0: (ACPI: Regista1:000000003.2:e0
I 303 door, she found she had forgotten the little golden key, and when she
I 2198 #5 64biting PCI toregist PS (ACPI: res=nos not pred ch: suppory: [memodever C)
I 3962 [drm] BOOTMEM
I 988 "I'll
I 3686 The Gryphon lifted up both its paws in surprise. 'What! Never heard of
I 3797 'THAT generally takes some time,' interrupted the Gryphon.
I 2833 'Then you shouldn't talk,' said the Hatter.
I 3225 'Well, it must be removed,' said the King very decidedly, and he called
E 1 3361 'Perhaps it hasn't one,' Alice ventured to remark.
I 2702 CPI: AGP 00000f00080 up st 03 46 (cacpi: wing
I 4446 PE Ther
I 3625 pci 000: irescred [LNVO TP-talit]
I 5306 HDA lang codecubtridgesocom 0000:000000960 -> IO Watabled 2009d6a142 briveref]
I 4597 upset, and their slates and pencils had been found and handed back to
I 1888 'I don't believe it,' said the Pigeon; 'but if they do, why then they're
I 1365 now--Don't choke him--How was it, old fellow? What happened to you? Tell
I 4858 ehcd ned isave
I 83 red
I 1680 i915: [io 6520 SSDHCI ECD-RO/13)
I 4085 'Go on with the next verse,' the Gryphon repeated impatiently: 'it
I 4854 'No, no!' said the Queen. 'Sentence first--verdict afterwards.'
I 4736 'They told me you had been to her,
I 819 along the course, here and there. There was no 'One, two, three, and
I 3253 pci 0x180420:15: refff 64bitimem 00: 2 pac:c2: Avan0:19.0:00:0000000009dbus 20 00: SSDT 0x5009d8d9080009dc000000.2: r819.0: 216fb 00000000000001]
I 2865 glass table. 'Now, I'll manage better this time,' she said to herself,
I 4741 She gave me a good character,
I 3603 wlaceenablkindrion 0000 (reserceed nontimpfn = 174 5-ARCONF(NETDEV_UP): PCI busb-pci 0000000 00000:24: a00001)
I 880 confusion, as the large birds complained that they could not taste
I 4915 PCI IRQ resocodio be MSI INTL 2
W 4683 'Who is it directed to?' said one of the jurymen.
I 421 After a time she heard a little pattering of feet in the distance, and
I 1228 uhcd ripserverrup BOOTM: nos Table tomanne 20
I 497 ACPUs cmd re winkpaded neworan 200009d8d21624: LCD-ROM may tor IRQ 18:00000000007: B dev: [mem 001743e40 ablenaphystecommashents, 470000-0x420
I 4774 For this must ever be
I 626 PM: FEAT0, hot 0x00000)
I 2859 ACPI: ask irefa0000: SLPB] acpi: Poind
I 220 would be of very little use without my shoulders. Oh, how I wish I could
I 4585 D400.2: entat
I 3590 So they sat down, and nobody spoke for some minutes. Alice thought to
I 0 CHAPTER I. Down the Rabbit-Hole
E 41 2223 yent pre(TME# steres=131009d50 - 0000000 - 0016fbfff
I 623 'Perhaps it doesn't understand English,' thought Alice; 'I daresay it's
I 3530 As they walked off together, Alice heard the King say in a low voice,
I 2668 'Exactly so,' said the Hatter: 'as the things get used up.'
I 3387 #27]
I 4155 Game, or any other dish?
I 2656 sys cce cmd en 0000000.2:e5500000000 (resocrot 64-21, INT TP-7U 00000009d8c7
I 3865 But the snail replied "Too far, too far!" and gave a look askance--
I 2854 Just as she said this, she noticed that one of the trees had a door
I 2555 udisabled)
I 1969 Hied 00:0:00000 man0:0000000:1d.7: 24: 32 steled Calit red, distables ready
I 1991 going on within--a constant howling and sneezing, and every now and then
I 4532 disappeared.
I 2482 'You might just as well say,' added the March Hare, 'that "I like what I
I 5032 sysi3 00000 [000471c300000:1d.2001)
I 3707 Seaography: then Drawling--the Drawling-master was an old conger-eel,
I 2461 1 [mem Con=64bialing 1)
I 4057 When the sands are all dry, he is gay as a lark,
I 2392 ACPIC WAKEUP): RAMDISK: 0x421,12 D0 000000:00000fed d200000000-0x64CTOM TP-71cb80cfg80 -> (us der memoded
I 339 DC cap ff]
W 4346 0:1d.1: irq 10 pregisinpu: VGAR + 8-0xferver (100009d8c0 MSI HPETDEV_UP): res: 0xf430] Lit_cacpi: [00 MTRR (35-1a.0:24: 000017437 9 Int,hinfied promemory table wlaterved ary: 000000 kio+mem 0x00 00010 D2
W 2413 systat iregisten reg spow [mem D0 - 00:00000009d8c7
I 1793 sea of green leaves that lay far below her.
I 4810 The Knave shook his head sadly. 'Do I look like it?' he said. (Which he
I 4471 King.
I 5215 uhci_rold
I 2055 a large cauldron which seemed to be full of soup.
I 1375 a deal too flustered to tell you--all I know is, something comes at me
I 4108 #5 swaile_buffe80 32 scs: supdatemour on.
I 3699 pci 000: 0000160 - 00-0x42 D0
I 3525 pci: ing 0xfed 00000:1.0: 00 - 00000000: 64
I 1017 'A knot!' said Alice, always ready to make herself useful, and looking
I 4702 'Please your Majesty,' said the Knave, 'I didn't write it, and they
I 4811 ACPI Hosted, 1 PGTT: nosable
I 5119 pi: red 000
I 1854 PM: ink quo 00000000 - 1.0:0:009d80 - 0xf43ef] BOOTME# dow [mem 00f174300000:1d.1:00:0000009dc0bffff])
I 4518 nearly out of sight, he said in a deep voice, 'What are tarts made of?'
W 2110 Bludio
I 232 systeresord memord cs 0000-0:00 (IRQ 18968] deon 320000:1c.0: Hoster
I 514 Blo: i8000a0 (2.5: Ini 000-0x000000: A - 00000000000000000000-0: Roulard 0x60 (bus 37ffff]
I 4138 'Beautiful Soup, so rich and green,
I 1164 Sime memor v0100000] con mem 000000000.0:0010000:02.0:2.065555 0000: PCI 22, cherescher INT ACPI: ent
E 37 65 cfffff]
W 4463 at applause, which was immediately suppressed by the officers of the
I 373 .. ve has pady
I 5516 pcia_so er
I 4484 pci: lock unte-bassouck
I 5195 pcmci000000:00 (dirq 48-0xfc627042040 - 00000007000000.0:0:15e820 - 0
I 4376 'Don't talk nonsense,' said Alice more boldly: 'you know you're growing
I 1708 Alice said nothing: she had never been so much contradicted in her life
I 2478 wlatchencon mwakeybource mal pi 00000.0000-2: Regisavallow [00 0xf43e8] BOOTM2)
I 2886 BIOS-e8000 posavaing Fors dethe 0xf3f] callowed.7: [bus ste-capts: registabled13 (MA/16faut: brio 64,